<?xml version="1.0" encoding="UTF-8"?>
<testng-results ignored="0" total="1" passed="1" failed="0" skipped="0">
  <reporter-output>
  </reporter-output>
  <suite started-at="2024-09-25T18:43:02 IST" name="Default suite" finished-at="2024-09-25T18:44:10 IST" duration-ms="67390">
    <groups>
    </groups>
    <test started-at="2024-09-25T18:43:02 IST" name="Default test" finished-at="2024-09-25T18:44:10 IST" duration-ms="67390">
      <class name="org.Petofy.search">
        <test-method is-config="true" signature="runntvCode()[pri:0, instance:org.Petofy.search@185a6e9]" started-at="2024-09-25T18:43:02 IST" name="runntvCode" finished-at="2024-09-25T18:43:11 IST" duration-ms="9070" status="PASS">
          <reporter-output>
          </reporter-output>
        </test-method> <!-- runntvCode -->
        <test-method signature="testSearchFunctionality()[pri:0, instance:org.Petofy.search@185a6e9]" started-at="2024-09-25T18:43:11 IST" name="testSearchFunctionality" finished-at="2024-09-25T18:44:10 IST" duration-ms="58235" status="PASS">
          <reporter-output>
          </reporter-output>
        </test-method> <!-- testSearchFunctionality -->
        <test-method is-config="true" signature="teardown()[pri:0, instance:org.Petofy.search@185a6e9]" started-at="2024-09-25T18:44:10 IST" name="teardown" finished-at="2024-09-25T18:44:10 IST" duration-ms="8" status="PASS">
          <reporter-output>
          </reporter-output>
        </test-method> <!-- teardown -->
      </class> <!-- org.Petofy.search -->
    </test> <!-- Default test -->
  </suite> <!-- Default suite -->
</testng-results>
